<?xml version="1.0" encoding="UTF-8"?>
<!-- Generated by org.testng.reporters.JUnitReportReporter -->
<testsuite hostname="SIVA-PC" name="com.ranford.RABP.testsuites.BP_TS1_ValidateBranches" tests="1" failures="0" timestamp="26 May 2016 03:45:42 GMT" time="38.713" errors="0">
  <testcase name="testCase" time="38.713" classname="com.ranford.RABP.testsuites.BP_TS1_ValidateBranches"/>
</testsuite> <!-- com.ranford.RABP.testsuites.BP_TS1_ValidateBranches -->
