<?xml version="1.0" encoding="UTF-8"?>
<!-- Generated by org.testng.reporters.JUnitReportReporter -->
<testsuite hostname="SIVA-PC" name="com.ranford.RABP.testsuites.BP_TS7_validateBranchesEntrySubmit" tests="1" failures="0" timestamp="26 May 2016 03:45:42 GMT" time="141.151" errors="0">
  <testcase name="testdata" time="141.151" classname="com.ranford.RABP.testsuites.BP_TS7_validateBranchesEntrySubmit"/>
</testsuite> <!-- com.ranford.RABP.testsuites.BP_TS7_validateBranchesEntrySubmit -->
