<?xml version="1.0" encoding="UTF-8"?>
<!-- Generated by org.testng.reporters.JUnitReportReporter -->
<testsuite hostname="SIVA-PC" name="sample.WebTable" tests="1" failures="0" timestamp="26 May 2016 03:00:49 GMT" time="27.734" errors="0">
  <testcase name="f" time="27.734" classname="sample.WebTable"/>
</testsuite> <!-- sample.WebTable -->
