<?xml version="1.0" encoding="UTF-8"?>
<!-- Generated by org.testng.reporters.JUnitReportReporter -->
<testsuite hostname="SIVA-PC" name="com.ranford.RABP.testsuites.BP_TS3_ValidateBranchesHome" tests="1" failures="0" timestamp="26 May 2016 03:45:42 GMT" time="35.488" errors="0">
  <testcase name="testcase" time="35.488" classname="com.ranford.RABP.testsuites.BP_TS3_ValidateBranchesHome"/>
</testsuite> <!-- com.ranford.RABP.testsuites.BP_TS3_ValidateBranchesHome -->
