<?xml version="1.0" encoding="UTF-8"?>
<!-- Generated by org.testng.reporters.JUnitReportReporter -->
<testsuite hostname="SIVA-PC" name="com.ranford.RABP.testsuites.BP_TS5_ValidateBrancheDetails" tests="1" failures="0" timestamp="26 May 2016 03:45:42 GMT" time="27.824" errors="0">
  <testcase name="testdata" time="27.824" classname="com.ranford.RABP.testsuites.BP_TS5_ValidateBrancheDetails"/>
</testsuite> <!-- com.ranford.RABP.testsuites.BP_TS5_ValidateBrancheDetails -->
