<?xml version="1.0" encoding="UTF-8"?>
<!-- Generated by org.testng.reporters.JUnitReportReporter -->
<testsuite hostname="SIVA-PC" name="testngpractice.Text" tests="1" failures="0" timestamp="12 May 2016 08:03:37 GMT" time="8.813" errors="0">
  <testcase name="f" time="8.813" classname="testngpractice.Text"/>
</testsuite> <!-- testngpractice.Text -->
