<?xml version="1.0" encoding="UTF-8"?>
<!-- Generated by org.testng.reporters.JUnitReportReporter -->
<testsuite hostname="SIVA-PC" name="practice.Sample" tests="1" failures="0" timestamp="11 May 2016 16:50:14 GMT" time="21.481" errors="0">
  <testcase name="f" time="21.481" classname="practice.Sample"/>
</testsuite> <!-- practice.Sample -->
