<?xml version="1.0" encoding="UTF-8"?>
<!-- Generated by org.testng.reporters.JUnitReportReporter -->
<testsuite hostname="SIVA-PC" name="testngpractice.Firefoxprofiles" tests="1" failures="0" timestamp="4 Jul 2016 11:35:13 GMT" time="10.469" errors="0">
  <testcase name="testExamples" time="10.469" classname="testngpractice.Firefoxprofiles"/>
</testsuite> <!-- testngpractice.Firefoxprofiles -->
